0 info it worked if it ends with ok
1 verbose cli [ 'C:\\Program Files\\nodejs\\node.exe',
1 verbose cli   'C:\\Users\\Gogeta\\AppData\\Roaming\\npm\\node_modules\\npm\\bin\\npm-cli.js',
1 verbose cli   'run',
1 verbose cli   'dev' ]
2 info using npm@3.10.9
3 info using node@v10.13.0
4 verbose run-script [ 'predev', 'dev', 'postdev' ]
5 info lifecycle phaser3-typescript@1.3.0~predev: phaser3-typescript@1.3.0
6 silly lifecycle phaser3-typescript@1.3.0~predev: no script for predev, continuing
7 info lifecycle phaser3-typescript@1.3.0~dev: phaser3-typescript@1.3.0
8 verbose lifecycle phaser3-typescript@1.3.0~dev: unsafe-perm in lifecycle true
9 verbose lifecycle phaser3-typescript@1.3.0~dev: PATH: C:\Users\Gogeta\AppData\Roaming\npm\node_modules\npm\bin\node-gyp-bin;K:\work\game-poc-2\phaser3-typescript\node_modules\.bin;C:\ProgramData\Oracle\Java\javapath;C:\Windows\system32;C:\Windows;C:\Windows\System32\Wbem;C:\Windows\System32\WindowsPowerShell\v1.0\;C:\Program Files\Git\cmd;C:\Program Files\TortoiseGit\bin;C:\Program Files (x86)\NVIDIA Corporation\PhysX\Common;C:\Program Files\Microsoft SQL Server\130\Tools\Binn\;C:\Program Files\Microsoft SQL Server\Client SDK\ODBC\110\Tools\Binn\;C:\Program Files (x86)\Microsoft SQL Server\120\Tools\Binn\ManagementStudio\;C:\Program Files (x86)\Microsoft SQL Server\120\Tools\Binn\;C:\Program Files\Microsoft SQL Server\120\Tools\Binn\;C:\Program Files (x86)\Microsoft SQL Server\120\DTS\Binn\;C:\Program Files\Microsoft SQL Server\120\DTS\Binn\;C:\Program Files\dotnet\;C:\Users\Gogeta\AppData\Roaming\nvm;C:\Program Files\nodejs;C:\WINDOWS\system32;C:\WINDOWS;C:\WINDOWS\System32\Wbem;C:\WINDOWS\System32\WindowsPowerShell\v1.0\;C:\Program Files (x86)\GtkSharp\2.12\bin;C:\WINDOWS\System32\OpenSSH\;C:\Program Files\NVIDIA Corporation\NVIDIA NvDLISR;C:\Program Files\Microsoft VS Code\bin;C:\Program Files\Microsoft SQL Server\Client SDK\ODBC\170\Tools\Binn\;C:\Users\Gogeta\AppData\Local\Microsoft\WindowsApps;C:\Program Files (x86)\Microsoft VS Code\bin;C:\Users\Gogeta\AppData\Roaming\npm;C:\Users\Gogeta\AppData\Roaming\nvm;C:\Program Files\nodejs;C:\Program Files (x86)\OpenVPN\bin
10 verbose lifecycle phaser3-typescript@1.3.0~dev: CWD: K:\work\game-poc-2\phaser3-typescript
11 silly lifecycle phaser3-typescript@1.3.0~dev: Args: [ '/d /s /c',
11 silly lifecycle   'webpack --mode development && webpack-dev-server --mode development' ]
12 verbose stack Error: kill ENOSYS
12 verbose stack     at process.kill (internal/process/per_thread.js:198:13)
12 verbose stack     at process.listener (C:\Users\Gogeta\AppData\Roaming\npm\node_modules\npm\node_modules\npmlog\node_modules\gauge\node_modules\signal-exit\index.js:86:15)
12 verbose stack     at process.emit (events.js:187:15)
13 verbose cwd K:\work\game-poc-2\phaser3-typescript
14 error Windows_NT 10.0.17134
15 error argv "C:\\Program Files\\nodejs\\node.exe" "C:\\Users\\Gogeta\\AppData\\Roaming\\npm\\node_modules\\npm\\bin\\npm-cli.js" "run" "dev"
16 error node v10.13.0
17 error npm  v3.10.9
18 error code ENOSYS
19 error errno ENOSYS
20 error syscall kill
21 error kill ENOSYS
22 error If you need help, you may report this error at:
22 error     <https://github.com/npm/npm/issues>
23 verbose exit [ 1, true ]
